生成启动时间为 2020-2-23 16:53:58。
     1>项目“D:\编程之路\C-\2020.2.23\2020.2.23\2020.2.23.vcxproj”在节点 2 上(build 个目标)。
     1>PrepareForBuild:
         正在创建目录“D:\编程之路\C-\2020.2.23\Debug\”。
       InitializeBuildStatus:
         正在创建“Debug\2020.2.23.unsuccessfulbuild”，因为已指定“AlwaysCreate”。
       ClCompile:
         D:\wode\VS6.0\VC\bin\CL.exe /c /ZI /nologo /W3 /WX- /Od /Oy- /D _MBCS /Gm /EHsc /RTC1 /MDd /GS /fp:precise /Zc:wchar_t /Zc:forScope /Fo"Debug\\" /Fd"Debug\vc100.pdb" /Gd /TP /analyze- /errorReport:prompt sales.cpp use_sales.cpp
         use_sales.cpp
         sales.cpp
         正在生成代码...
       Link:
         D:\wode\VS6.0\VC\bin\link.exe /ERRORREPORT:PROMPT /OUT:"D:\编程之路\C-\2020.2.23\Debug\2020.2.23.exe" /NOLOGO kernel32.lib user32.lib gdi32.lib winspool.lib comdlg32.lib advapi32.lib shell32.lib ole32.lib oleaut32.lib uuid.lib odbc32.lib odbccp32.lib /MANIFEST /ManifestFile:"Debug\2020.2.23.exe.intermediate.manifest" /MANIFESTUAC:"level='asInvoker' uiAccess='false'" /DEBUG /PDB:"D:\编程之路\C-\2020.2.23\Debug\2020.2.23.pdb" /SUBSYSTEM:CONSOLE /TLBID:1 /DYNAMICBASE /NXCOMPAT /IMPLIB:"D:\编程之路\C-\2020.2.23\Debug\2020.2.23.lib" /MACHINE:X86 Debug\sales.obj
         Debug\use_sales.obj
         2020.2.23.vcxproj -> D:\编程之路\C-\2020.2.23\Debug\2020.2.23.exe
       Manifest:
         c:\Program Files (x86)\Microsoft SDKs\Windows\v7.0A\bin\mt.exe /nologo /verbose /outputresource:"D:\编程之路\C-\2020.2.23\Debug\2020.2.23.exe;#1" /manifest Debug\2020.2.23.exe.intermediate.manifest
       FinalizeBuildStatus:
         正在删除文件“Debug\2020.2.23.unsuccessfulbuild”。
         正在对“Debug\2020.2.23.lastbuildstate”执行 Touch 任务。
     1>已完成生成项目“D:\编程之路\C-\2020.2.23\2020.2.23\2020.2.23.vcxproj”(build 个目标)的操作。

生成成功。

已用时间 00:00:27.97
