生成启动时间为 2020-1-28 19:34:25。
     1>项目“D:\编程之路\C-\2020.1.28\2020.1.28\2020.1.28.vcxproj”在节点 2 上(build 个目标)。
     1>PrepareForBuild:
         正在创建目录“D:\编程之路\C-\2020.1.28\Release\”。
       InitializeBuildStatus:
         正在创建“Release\2020.1.28.unsuccessfulbuild”，因为已指定“AlwaysCreate”。
       ClCompile:
         D:\wode\VS6.0\VC\bin\CL.exe /c /Zi /nologo /W3 /WX- /O2 /Oi /Oy- /GL /D _MBCS /Gm- /EHsc /MD /GS /Gy /fp:precise /Zc:wchar_t /Zc:forScope /Fo"Release\\" /Fd"Release\vc100.pdb" /Gd /TP /analyze- /errorReport:prompt practice.cpp
         practice.cpp
       Link:
         D:\wode\VS6.0\VC\bin\link.exe /ERRORREPORT:PROMPT /OUT:"D:\编程之路\C-\2020.1.28\Release\2020.1.28.exe" /NOLOGO kernel32.lib user32.lib gdi32.lib winspool.lib comdlg32.lib advapi32.lib shell32.lib ole32.lib oleaut32.lib uuid.lib odbc32.lib odbccp32.lib /MANIFEST /ManifestFile:"Release\2020.1.28.exe.intermediate.manifest" /MANIFESTUAC:"level='asInvoker' uiAccess='false'" /DEBUG /PDB:"D:\编程之路\C-\2020.1.28\Release\2020.1.28.pdb" /OPT:REF /OPT:ICF /LTCG /TLBID:1 /DYNAMICBASE /NXCOMPAT /IMPLIB:"D:\编程之路\C-\2020.1.28\Release\2020.1.28.lib" /MACHINE:X86 Release\practice.obj
         正在生成代码
         已完成代码的生成
         2020.1.28.vcxproj -> D:\编程之路\C-\2020.1.28\Release\2020.1.28.exe
       Manifest:
         c:\Program Files (x86)\Microsoft SDKs\Windows\v7.0A\bin\mt.exe /nologo /verbose /outputresource:"D:\编程之路\C-\2020.1.28\Release\2020.1.28.exe;#1" /manifest Release\2020.1.28.exe.intermediate.manifest
       FinalizeBuildStatus:
         正在删除文件“Release\2020.1.28.unsuccessfulbuild”。
         正在对“Release\2020.1.28.lastbuildstate”执行 Touch 任务。
     1>已完成生成项目“D:\编程之路\C-\2020.1.28\2020.1.28\2020.1.28.vcxproj”(build 个目标)的操作。

生成成功。

已用时间 00:00:03.52
