生成启动时间为 2020-2-10 15:47:12。
     1>项目“D:\编程之路\C-\2020.2.9\2020.2.9\2020.2.9.vcxproj”在节点 2 上(build 个目标)。
     1>InitializeBuildStatus:
         正在对“Debug\2020.2.9.unsuccessfulbuild”执行 Touch 任务。
       ClCompile:
         D:\wode\VS6.0\VC\bin\CL.exe /c /ZI /nologo /W3 /WX- /Od /Oy- /D _MBCS /Gm /EHsc /RTC1 /MDd /GS /fp:precise /Zc:wchar_t /Zc:forScope /Fo"Debug\\" /Fd"Debug\vc100.pdb" /Gd /TP /analyze- /errorReport:prompt bank.cpp queue.cpp
         queue.cpp
         bank.cpp
     1>d:\编程之路\c-\2020.2.9\2020.2.9\bank.cpp(16): warning C4244: “参数”: 从“time_t”转换到“unsigned int”，可能丢失数据
         正在生成代码...
       Link:
         D:\wode\VS6.0\VC\bin\link.exe /ERRORREPORT:PROMPT /OUT:"D:\编程之路\C-\2020.2.9\Debug\2020.2.9.exe" /NOLOGO kernel32.lib user32.lib gdi32.lib winspool.lib comdlg32.lib advapi32.lib shell32.lib ole32.lib oleaut32.lib uuid.lib odbc32.lib odbccp32.lib /MANIFEST /ManifestFile:"Debug\2020.2.9.exe.intermediate.manifest" /MANIFESTUAC:"level='asInvoker' uiAccess='false'" /DEBUG /PDB:"D:\编程之路\C-\2020.2.9\Debug\2020.2.9.pdb" /SUBSYSTEM:CONSOLE /TLBID:1 /DYNAMICBASE /NXCOMPAT /IMPLIB:"D:\编程之路\C-\2020.2.9\Debug\2020.2.9.lib" /MACHINE:X86 Debug\bank.obj
         Debug\queue.obj
         2020.2.9.vcxproj -> D:\编程之路\C-\2020.2.9\Debug\2020.2.9.exe
       Manifest:
         c:\Program Files (x86)\Microsoft SDKs\Windows\v7.0A\bin\mt.exe /nologo /verbose /outputresource:"D:\编程之路\C-\2020.2.9\Debug\2020.2.9.exe;#1" /manifest Debug\2020.2.9.exe.intermediate.manifest
       FinalizeBuildStatus:
         正在删除文件“Debug\2020.2.9.unsuccessfulbuild”。
         正在对“Debug\2020.2.9.lastbuildstate”执行 Touch 任务。
     1>已完成生成项目“D:\编程之路\C-\2020.2.9\2020.2.9\2020.2.9.vcxproj”(build 个目标)的操作。

生成成功。

已用时间 00:00:05.29
